<?xml version="1.0" encoding="UTF-8"?>
<!-- Generated by org.testng.reporters.JUnitReportReporter -->
<testsuite hostname="Priyo" failures="0" tests="5" name="runners.TestRunner" time="46.973" errors="0" timestamp="2026-06-02T19:02:17 IST" skipped="0">
  <testcase classname="runners.TestRunner" name="runScenario" time="8.663"/>
  <testcase classname="runners.TestRunner" name="runScenario" time="7.001"/>
  <testcase classname="runners.TestRunner" name="runScenario" time="6.469"/>
  <testcase classname="runners.TestRunner" name="runScenario" time="12.276"/>
  <testcase classname="runners.TestRunner" name="runScenario" time="12.564"/>
</testsuite> <!-- runners.TestRunner -->
