<?xml version="1.0" encoding="UTF-8"?>
<!-- Generated by org.testng.reporters.JUnitReportReporter -->
<testsuite hostname="Priyo" failures="0" tests="19" name="runners.TestRunner" time="554.937" errors="0" timestamp="2026-06-06T09:54:48 IST" skipped="0">
  <testcase classname="runners.TestRunner" name="runScenario" time="116.052"/>
  <testcase classname="runners.TestRunner" name="runScenario" time="10.703"/>
  <testcase classname="runners.TestRunner" name="runScenario" time="18.807"/>
  <testcase classname="runners.TestRunner" name="runScenario" time="21.831"/>
  <testcase classname="runners.TestRunner" name="runScenario" time="15.299"/>
  <testcase classname="runners.TestRunner" name="runScenario" time="16.216"/>
  <testcase classname="runners.TestRunner" name="runScenario" time="14.000"/>
  <testcase classname="runners.TestRunner" name="runScenario" time="13.128"/>
  <testcase classname="runners.TestRunner" name="runScenario" time="8.516"/>
  <testcase classname="runners.TestRunner" name="runScenario" time="24.727"/>
  <testcase classname="runners.TestRunner" name="runScenario" time="26.510"/>
  <testcase classname="runners.TestRunner" name="runScenario" time="13.330"/>
  <testcase classname="runners.TestRunner" name="runScenario" time="75.087"/>
  <testcase classname="runners.TestRunner" name="runScenario" time="47.976"/>
  <testcase classname="runners.TestRunner" name="runScenario" time="16.068"/>
  <testcase classname="runners.TestRunner" name="runScenario" time="25.749"/>
  <testcase classname="runners.TestRunner" name="runScenario" time="23.707"/>
  <testcase classname="runners.TestRunner" name="runScenario" time="9.952"/>
  <testcase classname="runners.TestRunner" name="runScenario" time="57.279"/>
</testsuite> <!-- runners.TestRunner -->
